<?xml version="1.0" encoding="UTF-8"?>
<!-- Generated by org.testng.reporters.JUnitReportReporter -->
<testsuite hostname="TYSS-Piyush-Baldaniya" failures="0" tests="3" name="extra.Demo1" time="22.848" errors="0" timestamp="2025-07-29T13:18:33 IST" skipped="0">
  <testcase classname="extra.Demo1" name="case1Test" time="8.537"/>
  <testcase classname="extra.Demo1" name="case1Test" time="7.286"/>
  <testcase classname="extra.Demo1" name="case1Test" time="7.025"/>
</testsuite> <!-- extra.Demo1 -->
