<?xml version="1.0" encoding="UTF-8"?>
<!-- Generated by org.testng.reporters.JUnitReportReporter -->
<testsuite hostname="TYSS-Piyush-Baldaniya" failures="0" tests="3" name="extra.Demo1" time="0.024" errors="0" timestamp="2025-07-29T13:51:22 IST" skipped="0">
  <testcase classname="extra.Demo1" name="case1Test" time="0.003"/>
  <testcase classname="extra.Demo1" name="case1Test" time="0.019"/>
  <testcase classname="extra.Demo1" name="case1Test" time="0.002"/>
</testsuite> <!-- extra.Demo1 -->
