<?xml version="1.0" encoding="UTF-8"?>
<!-- Generated by org.testng.reporters.JUnitReportReporter -->
<testsuite hostname="TYSS-Piyush-Baldaniya" failures="0" tests="1" name="config_ann.CreateOrgTest" time="5.193" errors="0" timestamp="2025-07-31T13:31:31 IST" skipped="0">
  <testcase classname="config_ann.CreateOrgTest" name="vtiger" time="5.193"/>
</testsuite> <!-- config_ann.CreateOrgTest -->
