<?xml version="1.0" encoding="UTF-8"?>
<!-- Generated by org.testng.reporters.JUnitReportReporter -->
<testsuite hostname="TYSS-Piyush-Baldaniya" failures="0" tests="11" name="extra.Demo1" time="66.848" errors="0" timestamp="2025-07-24T13:26:11 IST" skipped="1">
  <testcase classname="extra.Demo1" name="create" time="6.740">
    <system-out>
      <![CDATA[Create Noida]]>
    </system-out>
  </testcase> <!-- create -->
  <testcase classname="extra.Demo1" name="create" time="6.866">
    <system-out>
      <![CDATA[Create Noida]]>
    </system-out>
  </testcase> <!-- create -->
  <testcase classname="extra.Demo1" name="create" time="6.541">
    <system-out>
      <![CDATA[Create Noida]]>
    </system-out>
  </testcase> <!-- create -->
  <testcase classname="extra.Demo1" name="create" time="6.819">
    <system-out>
      <![CDATA[Create Noida]]>
    </system-out>
  </testcase> <!-- create -->
  <testcase classname="extra.Demo1" name="create" time="6.555">
    <system-out>
      <![CDATA[Create Noida]]>
    </system-out>
  </testcase> <!-- create -->
  <testcase classname="extra.Demo1" name="create" time="6.741">
    <system-out>
      <![CDATA[Create Noida]]>
    </system-out>
  </testcase> <!-- create -->
  <testcase classname="extra.Demo1" name="create" time="6.802">
    <system-out>
      <![CDATA[Create Noida]]>
    </system-out>
  </testcase> <!-- create -->
  <testcase classname="extra.Demo1" name="create" time="6.540">
    <system-out>
      <![CDATA[Create Noida]]>
    </system-out>
  </testcase> <!-- create -->
  <testcase classname="extra.Demo1" name="create" time="6.582">
    <system-out>
      <![CDATA[Create Noida]]>
    </system-out>
  </testcase> <!-- create -->
  <testcase classname="extra.Demo1" name="create" time="6.662">
    <system-out>
      <![CDATA[Create Noida]]>
    </system-out>
  </testcase> <!-- create -->
  <testcase classname="extra.Demo1" name="delete">
    <skipped/>
  </testcase> <!-- delete -->
  <system-out>
    <![CDATA[Create Noida
Create Noida
Create Noida
Create Noida
Create Noida
Create Noida
Create Noida
Create Noida
Create Noida
Create Noida]]>
  </system-out>
</testsuite> <!-- extra.Demo1 -->
