<?xml version="1.0" encoding="UTF-8"?>
<!-- Generated by org.testng.reporters.JUnitReportReporter -->
<testsuite hostname="TYSS-Piyush-Baldaniya" failures="0" tests="1" name="comcast.crm.org.CreateOrgTest" time="9.554" errors="0" timestamp="2025-08-05T13:53:12 IST" skipped="0">
  <testcase classname="comcast.crm.org.CreateOrgTest" name="createOrgTest" time="9.554"/>
</testsuite> <!-- comcast.crm.org.CreateOrgTest -->
