<?xml version="1.0" encoding="UTF-8"?>
<!-- Generated by org.testng.reporters.JUnitReportReporter -->
<testsuite hostname="TYSS-Piyush-Baldaniya" failures="0" tests="3" name="extra.FaceBook" time="16.850" errors="0" timestamp="2025-07-24T13:39:18 IST" skipped="0">
  <testcase classname="extra.FaceBook" name="logibFbTest" time="6.054"/>
  <testcase classname="extra.FaceBook" name="logibFbTest" time="5.447"/>
  <testcase classname="extra.FaceBook" name="logibFbTest" time="5.349"/>
</testsuite> <!-- extra.FaceBook -->
