<?xml version="1.0" encoding="UTF-8"?>
<!-- Generated by org.testng.reporters.JUnitReportReporter -->
<testsuite hostname="TYSS-Piyush-Baldaniya" failures="0" tests="2" name="types_of_exe.Demo1" time="8.380" errors="0" timestamp="2025-07-28T13:33:59 IST" skipped="0">
  <testcase classname="types_of_exe.Demo1" name="case1" time="4.677"/>
  <testcase classname="types_of_exe.Demo1" name="case2" time="3.703"/>
</testsuite> <!-- types_of_exe.Demo1 -->
