<?xml version="1.0" encoding="UTF-8"?>
<!-- Generated by org.testng.reporters.JUnitReportReporter -->
<testsuite hostname="TYSS-Piyush-Baldaniya" failures="0" tests="1" name="working_with_assertion.WorkingWithSoftAssert" time="0.034" errors="0" timestamp="2025-08-04T13:25:12 IST" skipped="0">
  <testcase classname="working_with_assertion.WorkingWithSoftAssert" name="case1" time="0.034"/>
</testsuite> <!-- working_with_assertion.WorkingWithSoftAssert -->
