<?xml version="1.0" encoding="UTF-8"?>
<!-- Generated by org.testng.reporters.JUnitReportReporter -->
<testsuite hostname="TYSS-Piyush-Baldaniya" failures="0" tests="1" name="extra.Demo1" time="0.015" errors="0" timestamp="2025-07-23T14:01:06 IST" skipped="0">
  <testcase classname="extra.Demo1" name="add" time="0.015">
    <system-out>
      <![CDATA[Hello world!!!]]>
    </system-out>
  </testcase> <!-- add -->
  <system-out>
    <![CDATA[Hello world!!!]]>
  </system-out>
</testsuite> <!-- extra.Demo1 -->
