<?xml version="1.0" encoding="UTF-8"?>
<!-- Generated by org.testng.reporters.JUnitReportReporter -->
<testsuite hostname="TYSS-Piyush-Baldaniya" failures="0" tests="1" name="comcast.crm.contact.CreateContactTest" time="8.999" errors="0" timestamp="2025-08-05T13:53:12 IST" skipped="0">
  <testcase classname="comcast.crm.contact.CreateContactTest" name="createConTest" time="8.999"/>
</testsuite> <!-- comcast.crm.contact.CreateContactTest -->
