<?xml version="1.0" encoding="UTF-8"?>
<!-- Generated by org.testng.reporters.JUnitReportReporter -->
<testsuite hostname="TYSS-Piyush-Baldaniya" failures="0" tests="1" name="extra.Inheritance" time="0.010" errors="0" timestamp="2025-07-31T13:22:08 IST" skipped="0">
  <testcase classname="extra.Inheritance" name="execute" time="0.010"/>
</testsuite> <!-- extra.Inheritance -->
