<?xml version="1.0" encoding="UTF-8"?>
<!-- Generated by org.testng.reporters.JUnitReportReporter -->
<testsuite hostname="TYSS-Piyush-Baldaniya" failures="0" tests="3" name="extra.TwoDimension" time="7.799" errors="0" timestamp="2025-07-28T12:48:44 IST" skipped="0">
  <testcase classname="extra.TwoDimension" name="loginToFB" time="2.368"/>
  <testcase classname="extra.TwoDimension" name="loginToFB" time="2.991"/>
  <testcase classname="extra.TwoDimension" name="loginToFB" time="2.440"/>
</testsuite> <!-- extra.TwoDimension -->
