<?xml version="1.0" encoding="UTF-8"?>
<!-- Generated by org.testng.reporters.JUnitReportReporter -->
<testsuite hostname="TYSS-Piyush-Baldaniya" failures="0" tests="2" name="advance_reports.Facebook" time="0.627" errors="0" timestamp="2025-08-06T13:36:03 IST" skipped="0">
  <testcase classname="advance_reports.Facebook" name="adRep" time="0.555"/>
  <testcase classname="advance_reports.Facebook" name="repAd" time="0.072"/>
</testsuite> <!-- advance_reports.Facebook -->
