<?xml version="1.0" encoding="UTF-8"?>
<!-- Generated by org.testng.reporters.JUnitReportReporter -->
<testsuite hostname="TYSS-Piyush-Baldaniya" failures="0" tests="1" name="base_utility.BaseClass" time="5.232" errors="0" timestamp="2025-07-31T13:32:18 IST" skipped="0">
  <testcase classname="base_utility.BaseClass" name="vtiger" time="5.232"/>
</testsuite> <!-- base_utility.BaseClass -->
