<?xml version="1.0" encoding="UTF-8"?>
<!-- Generated by org.testng.reporters.JUnitReportReporter -->
<testsuite hostname="TYSS-Piyush-Baldaniya" failures="0" tests="2" name="types_of_exe.Demo3" time="7.882" errors="0" timestamp="2025-07-28T13:33:59 IST" skipped="0">
  <testcase classname="types_of_exe.Demo3" name="case1" time="4.585"/>
  <testcase classname="types_of_exe.Demo3" name="case2" time="3.297"/>
</testsuite> <!-- types_of_exe.Demo3 -->
